[2025-01-23T13:15:58.371+0000] {taskinstance.py:1956} INFO - Dependencies all met for dep_context=non-requeueable deps ti=<TaskInstance: task45_train_models_v2.task1_repareData manual__2025-01-23T13:15:53.997789+00:00 [queued]>
[2025-01-23T13:15:58.383+0000] {taskinstance.py:1956} INFO - Dependencies all met for dep_context=requeueable deps ti=<TaskInstance: task45_train_models_v2.task1_repareData manual__2025-01-23T13:15:53.997789+00:00 [queued]>
[2025-01-23T13:15:58.383+0000] {taskinstance.py:2170} INFO - Starting attempt 1 of 1
[2025-01-23T13:15:58.406+0000] {taskinstance.py:2191} INFO - Executing <Task(PythonOperator): task1_repareData> on 2025-01-23 13:15:53.997789+00:00
[2025-01-23T13:15:58.418+0000] {standard_task_runner.py:60} INFO - Started process 7421 to run task
[2025-01-23T13:15:58.422+0000] {standard_task_runner.py:87} INFO - Running: ['***', 'tasks', 'run', 'task45_train_models_v2', 'task1_repareData', 'manual__2025-01-23T13:15:53.997789+00:00', '--job-id', '92', '--raw', '--subdir', 'DAGS_FOLDER/task45_train_models_v2.py', '--cfg-path', '/tmp/tmpuziepgaj']
[2025-01-23T13:15:58.423+0000] {standard_task_runner.py:88} INFO - Job 92: Subtask task1_repareData
[2025-01-23T13:15:58.440+0000] {warnings.py:109} WARNING - /home/***/.local/lib/python3.8/site-packages/***/settings.py:194: DeprecationWarning: The sql_alchemy_conn option in [core] has been moved to the sql_alchemy_conn option in [database] - the old setting has been used, but please update your config.
  SQL_ALCHEMY_CONN = conf.get("database", "SQL_ALCHEMY_CONN")

[2025-01-23T13:15:58.485+0000] {task_command.py:423} INFO - Running <TaskInstance: task45_train_models_v2.task1_repareData manual__2025-01-23T13:15:53.997789+00:00 [running]> on host a8cdec4ae828
[2025-01-23T13:15:58.600+0000] {taskinstance.py:2480} INFO - Exporting env vars: AIRFLOW_CTX_DAG_OWNER='***' AIRFLOW_CTX_DAG_ID='task45_train_models_v2' AIRFLOW_CTX_TASK_ID='task1_repareData' AIRFLOW_CTX_EXECUTION_DATE='2025-01-23T13:15:53.997789+00:00' AIRFLOW_CTX_TRY_NUMBER='1' AIRFLOW_CTX_DAG_RUN_ID='manual__2025-01-23T13:15:53.997789+00:00'
[2025-01-23T13:15:58.615+0000] {warnings.py:109} WARNING - /opt/***/dags/task45_train_models_v2.py:29: SettingWithCopyWarning: 
A value is trying to be set on a copy of a slice from a DataFrame.
Try using .loc[row_indexer,col_indexer] = value instead

See the caveats in the documentation: https://pandas.pydata.org/pandas-docs/stable/user_guide/indexing.html#returning-a-view-versus-a-copy
  df_temp.loc[:, 'target'] = df_temp['temperature'].shift(1)

[2025-01-23T13:15:58.616+0000] {warnings.py:109} WARNING - /opt/***/dags/task45_train_models_v2.py:33: SettingWithCopyWarning: 
A value is trying to be set on a copy of a slice from a DataFrame.
Try using .loc[row_indexer,col_indexer] = value instead

See the caveats in the documentation: https://pandas.pydata.org/pandas-docs/stable/user_guide/indexing.html#returning-a-view-versus-a-copy
  df_temp.loc[:, 'temp_m-{}'.format(i)

[2025-01-23T13:15:58.617+0000] {warnings.py:109} WARNING - /opt/***/dags/task45_train_models_v2.py:33: SettingWithCopyWarning: 
A value is trying to be set on a copy of a slice from a DataFrame.
Try using .loc[row_indexer,col_indexer] = value instead

See the caveats in the documentation: https://pandas.pydata.org/pandas-docs/stable/user_guide/indexing.html#returning-a-view-versus-a-copy
  df_temp.loc[:, 'temp_m-{}'.format(i)

[2025-01-23T13:15:58.619+0000] {warnings.py:109} WARNING - /opt/***/dags/task45_train_models_v2.py:33: SettingWithCopyWarning: 
A value is trying to be set on a copy of a slice from a DataFrame.
Try using .loc[row_indexer,col_indexer] = value instead

See the caveats in the documentation: https://pandas.pydata.org/pandas-docs/stable/user_guide/indexing.html#returning-a-view-versus-a-copy
  df_temp.loc[:, 'temp_m-{}'.format(i)

[2025-01-23T13:15:58.620+0000] {warnings.py:109} WARNING - /opt/***/dags/task45_train_models_v2.py:33: SettingWithCopyWarning: 
A value is trying to be set on a copy of a slice from a DataFrame.
Try using .loc[row_indexer,col_indexer] = value instead

See the caveats in the documentation: https://pandas.pydata.org/pandas-docs/stable/user_guide/indexing.html#returning-a-view-versus-a-copy
  df_temp.loc[:, 'temp_m-{}'.format(i)

[2025-01-23T13:15:58.621+0000] {warnings.py:109} WARNING - /opt/***/dags/task45_train_models_v2.py:33: SettingWithCopyWarning: 
A value is trying to be set on a copy of a slice from a DataFrame.
Try using .loc[row_indexer,col_indexer] = value instead

See the caveats in the documentation: https://pandas.pydata.org/pandas-docs/stable/user_guide/indexing.html#returning-a-view-versus-a-copy
  df_temp.loc[:, 'temp_m-{}'.format(i)

[2025-01-23T13:15:58.623+0000] {warnings.py:109} WARNING - /opt/***/dags/task45_train_models_v2.py:33: SettingWithCopyWarning: 
A value is trying to be set on a copy of a slice from a DataFrame.
Try using .loc[row_indexer,col_indexer] = value instead

See the caveats in the documentation: https://pandas.pydata.org/pandas-docs/stable/user_guide/indexing.html#returning-a-view-versus-a-copy
  df_temp.loc[:, 'temp_m-{}'.format(i)

[2025-01-23T13:15:58.624+0000] {warnings.py:109} WARNING - /opt/***/dags/task45_train_models_v2.py:33: SettingWithCopyWarning: 
A value is trying to be set on a copy of a slice from a DataFrame.
Try using .loc[row_indexer,col_indexer] = value instead

See the caveats in the documentation: https://pandas.pydata.org/pandas-docs/stable/user_guide/indexing.html#returning-a-view-versus-a-copy
  df_temp.loc[:, 'temp_m-{}'.format(i)

[2025-01-23T13:15:58.625+0000] {warnings.py:109} WARNING - /opt/***/dags/task45_train_models_v2.py:33: SettingWithCopyWarning: 
A value is trying to be set on a copy of a slice from a DataFrame.
Try using .loc[row_indexer,col_indexer] = value instead

See the caveats in the documentation: https://pandas.pydata.org/pandas-docs/stable/user_guide/indexing.html#returning-a-view-versus-a-copy
  df_temp.loc[:, 'temp_m-{}'.format(i)

[2025-01-23T13:15:58.627+0000] {warnings.py:109} WARNING - /opt/***/dags/task45_train_models_v2.py:33: SettingWithCopyWarning: 
A value is trying to be set on a copy of a slice from a DataFrame.
Try using .loc[row_indexer,col_indexer] = value instead

See the caveats in the documentation: https://pandas.pydata.org/pandas-docs/stable/user_guide/indexing.html#returning-a-view-versus-a-copy
  df_temp.loc[:, 'temp_m-{}'.format(i)

[2025-01-23T13:15:58.631+0000] {warnings.py:109} WARNING - /opt/***/dags/task45_train_models_v2.py:29: SettingWithCopyWarning: 
A value is trying to be set on a copy of a slice from a DataFrame.
Try using .loc[row_indexer,col_indexer] = value instead

See the caveats in the documentation: https://pandas.pydata.org/pandas-docs/stable/user_guide/indexing.html#returning-a-view-versus-a-copy
  df_temp.loc[:, 'target'] = df_temp['temperature'].shift(1)

[2025-01-23T13:15:58.632+0000] {warnings.py:109} WARNING - /opt/***/dags/task45_train_models_v2.py:33: SettingWithCopyWarning: 
A value is trying to be set on a copy of a slice from a DataFrame.
Try using .loc[row_indexer,col_indexer] = value instead

See the caveats in the documentation: https://pandas.pydata.org/pandas-docs/stable/user_guide/indexing.html#returning-a-view-versus-a-copy
  df_temp.loc[:, 'temp_m-{}'.format(i)

[2025-01-23T13:15:58.633+0000] {warnings.py:109} WARNING - /opt/***/dags/task45_train_models_v2.py:33: SettingWithCopyWarning: 
A value is trying to be set on a copy of a slice from a DataFrame.
Try using .loc[row_indexer,col_indexer] = value instead

See the caveats in the documentation: https://pandas.pydata.org/pandas-docs/stable/user_guide/indexing.html#returning-a-view-versus-a-copy
  df_temp.loc[:, 'temp_m-{}'.format(i)

[2025-01-23T13:15:58.635+0000] {warnings.py:109} WARNING - /opt/***/dags/task45_train_models_v2.py:33: SettingWithCopyWarning: 
A value is trying to be set on a copy of a slice from a DataFrame.
Try using .loc[row_indexer,col_indexer] = value instead

See the caveats in the documentation: https://pandas.pydata.org/pandas-docs/stable/user_guide/indexing.html#returning-a-view-versus-a-copy
  df_temp.loc[:, 'temp_m-{}'.format(i)

[2025-01-23T13:15:58.636+0000] {warnings.py:109} WARNING - /opt/***/dags/task45_train_models_v2.py:33: SettingWithCopyWarning: 
A value is trying to be set on a copy of a slice from a DataFrame.
Try using .loc[row_indexer,col_indexer] = value instead

See the caveats in the documentation: https://pandas.pydata.org/pandas-docs/stable/user_guide/indexing.html#returning-a-view-versus-a-copy
  df_temp.loc[:, 'temp_m-{}'.format(i)

[2025-01-23T13:15:58.637+0000] {warnings.py:109} WARNING - /opt/***/dags/task45_train_models_v2.py:33: SettingWithCopyWarning: 
A value is trying to be set on a copy of a slice from a DataFrame.
Try using .loc[row_indexer,col_indexer] = value instead

See the caveats in the documentation: https://pandas.pydata.org/pandas-docs/stable/user_guide/indexing.html#returning-a-view-versus-a-copy
  df_temp.loc[:, 'temp_m-{}'.format(i)

[2025-01-23T13:15:58.639+0000] {warnings.py:109} WARNING - /opt/***/dags/task45_train_models_v2.py:33: SettingWithCopyWarning: 
A value is trying to be set on a copy of a slice from a DataFrame.
Try using .loc[row_indexer,col_indexer] = value instead

See the caveats in the documentation: https://pandas.pydata.org/pandas-docs/stable/user_guide/indexing.html#returning-a-view-versus-a-copy
  df_temp.loc[:, 'temp_m-{}'.format(i)

[2025-01-23T13:15:58.640+0000] {warnings.py:109} WARNING - /opt/***/dags/task45_train_models_v2.py:33: SettingWithCopyWarning: 
A value is trying to be set on a copy of a slice from a DataFrame.
Try using .loc[row_indexer,col_indexer] = value instead

See the caveats in the documentation: https://pandas.pydata.org/pandas-docs/stable/user_guide/indexing.html#returning-a-view-versus-a-copy
  df_temp.loc[:, 'temp_m-{}'.format(i)

[2025-01-23T13:15:58.641+0000] {warnings.py:109} WARNING - /opt/***/dags/task45_train_models_v2.py:33: SettingWithCopyWarning: 
A value is trying to be set on a copy of a slice from a DataFrame.
Try using .loc[row_indexer,col_indexer] = value instead

See the caveats in the documentation: https://pandas.pydata.org/pandas-docs/stable/user_guide/indexing.html#returning-a-view-versus-a-copy
  df_temp.loc[:, 'temp_m-{}'.format(i)

[2025-01-23T13:15:58.642+0000] {warnings.py:109} WARNING - /opt/***/dags/task45_train_models_v2.py:33: SettingWithCopyWarning: 
A value is trying to be set on a copy of a slice from a DataFrame.
Try using .loc[row_indexer,col_indexer] = value instead

See the caveats in the documentation: https://pandas.pydata.org/pandas-docs/stable/user_guide/indexing.html#returning-a-view-versus-a-copy
  df_temp.loc[:, 'temp_m-{}'.format(i)

[2025-01-23T13:15:58.646+0000] {warnings.py:109} WARNING - /opt/***/dags/task45_train_models_v2.py:29: SettingWithCopyWarning: 
A value is trying to be set on a copy of a slice from a DataFrame.
Try using .loc[row_indexer,col_indexer] = value instead

See the caveats in the documentation: https://pandas.pydata.org/pandas-docs/stable/user_guide/indexing.html#returning-a-view-versus-a-copy
  df_temp.loc[:, 'target'] = df_temp['temperature'].shift(1)

[2025-01-23T13:15:58.648+0000] {warnings.py:109} WARNING - /opt/***/dags/task45_train_models_v2.py:33: SettingWithCopyWarning: 
A value is trying to be set on a copy of a slice from a DataFrame.
Try using .loc[row_indexer,col_indexer] = value instead

See the caveats in the documentation: https://pandas.pydata.org/pandas-docs/stable/user_guide/indexing.html#returning-a-view-versus-a-copy
  df_temp.loc[:, 'temp_m-{}'.format(i)

[2025-01-23T13:15:58.649+0000] {warnings.py:109} WARNING - /opt/***/dags/task45_train_models_v2.py:33: SettingWithCopyWarning: 
A value is trying to be set on a copy of a slice from a DataFrame.
Try using .loc[row_indexer,col_indexer] = value instead

See the caveats in the documentation: https://pandas.pydata.org/pandas-docs/stable/user_guide/indexing.html#returning-a-view-versus-a-copy
  df_temp.loc[:, 'temp_m-{}'.format(i)

[2025-01-23T13:15:58.650+0000] {warnings.py:109} WARNING - /opt/***/dags/task45_train_models_v2.py:33: SettingWithCopyWarning: 
A value is trying to be set on a copy of a slice from a DataFrame.
Try using .loc[row_indexer,col_indexer] = value instead

See the caveats in the documentation: https://pandas.pydata.org/pandas-docs/stable/user_guide/indexing.html#returning-a-view-versus-a-copy
  df_temp.loc[:, 'temp_m-{}'.format(i)

[2025-01-23T13:15:58.651+0000] {warnings.py:109} WARNING - /opt/***/dags/task45_train_models_v2.py:33: SettingWithCopyWarning: 
A value is trying to be set on a copy of a slice from a DataFrame.
Try using .loc[row_indexer,col_indexer] = value instead

See the caveats in the documentation: https://pandas.pydata.org/pandas-docs/stable/user_guide/indexing.html#returning-a-view-versus-a-copy
  df_temp.loc[:, 'temp_m-{}'.format(i)

[2025-01-23T13:15:58.653+0000] {warnings.py:109} WARNING - /opt/***/dags/task45_train_models_v2.py:33: SettingWithCopyWarning: 
A value is trying to be set on a copy of a slice from a DataFrame.
Try using .loc[row_indexer,col_indexer] = value instead

See the caveats in the documentation: https://pandas.pydata.org/pandas-docs/stable/user_guide/indexing.html#returning-a-view-versus-a-copy
  df_temp.loc[:, 'temp_m-{}'.format(i)

[2025-01-23T13:15:58.654+0000] {warnings.py:109} WARNING - /opt/***/dags/task45_train_models_v2.py:33: SettingWithCopyWarning: 
A value is trying to be set on a copy of a slice from a DataFrame.
Try using .loc[row_indexer,col_indexer] = value instead

See the caveats in the documentation: https://pandas.pydata.org/pandas-docs/stable/user_guide/indexing.html#returning-a-view-versus-a-copy
  df_temp.loc[:, 'temp_m-{}'.format(i)

[2025-01-23T13:15:58.655+0000] {warnings.py:109} WARNING - /opt/***/dags/task45_train_models_v2.py:33: SettingWithCopyWarning: 
A value is trying to be set on a copy of a slice from a DataFrame.
Try using .loc[row_indexer,col_indexer] = value instead

See the caveats in the documentation: https://pandas.pydata.org/pandas-docs/stable/user_guide/indexing.html#returning-a-view-versus-a-copy
  df_temp.loc[:, 'temp_m-{}'.format(i)

[2025-01-23T13:15:58.657+0000] {warnings.py:109} WARNING - /opt/***/dags/task45_train_models_v2.py:33: SettingWithCopyWarning: 
A value is trying to be set on a copy of a slice from a DataFrame.
Try using .loc[row_indexer,col_indexer] = value instead

See the caveats in the documentation: https://pandas.pydata.org/pandas-docs/stable/user_guide/indexing.html#returning-a-view-versus-a-copy
  df_temp.loc[:, 'temp_m-{}'.format(i)

[2025-01-23T13:15:58.658+0000] {warnings.py:109} WARNING - /opt/***/dags/task45_train_models_v2.py:33: SettingWithCopyWarning: 
A value is trying to be set on a copy of a slice from a DataFrame.
Try using .loc[row_indexer,col_indexer] = value instead

See the caveats in the documentation: https://pandas.pydata.org/pandas-docs/stable/user_guide/indexing.html#returning-a-view-versus-a-copy
  df_temp.loc[:, 'temp_m-{}'.format(i)

[2025-01-23T13:15:58.701+0000] {python.py:201} INFO - Done. Returned value was: None
[2025-01-23T13:15:58.714+0000] {taskinstance.py:1138} INFO - Marking task as SUCCESS. dag_id=task45_train_models_v2, task_id=task1_repareData, execution_date=20250123T131553, start_date=20250123T131558, end_date=20250123T131558
[2025-01-23T13:15:58.756+0000] {local_task_job_runner.py:234} INFO - Task exited with return code 0
[2025-01-23T13:15:58.787+0000] {taskinstance.py:3280} INFO - 3 downstream tasks scheduled from follow-on schedule check
