[2025-01-23T14:10:03.037+0000] {taskinstance.py:1956} INFO - Dependencies all met for dep_context=non-requeueable deps ti=<TaskInstance: full_pipline.task45.task1_repareData manual__2025-01-23T14:09:42.910845+00:00 [queued]>
[2025-01-23T14:10:03.055+0000] {taskinstance.py:1956} INFO - Dependencies all met for dep_context=requeueable deps ti=<TaskInstance: full_pipline.task45.task1_repareData manual__2025-01-23T14:09:42.910845+00:00 [queued]>
[2025-01-23T14:10:03.056+0000] {taskinstance.py:2170} INFO - Starting attempt 1 of 1
[2025-01-23T14:10:03.087+0000] {taskinstance.py:2191} INFO - Executing <Task(PythonOperator): task45.task1_repareData> on 2025-01-23 14:09:42.910845+00:00
[2025-01-23T14:10:03.099+0000] {standard_task_runner.py:60} INFO - Started process 9435 to run task
[2025-01-23T14:10:03.108+0000] {standard_task_runner.py:87} INFO - Running: ['***', 'tasks', 'run', 'full_pipline', 'task45.task1_repareData', 'manual__2025-01-23T14:09:42.910845+00:00', '--job-id', '175', '--raw', '--subdir', 'DAGS_FOLDER/allTasks_taskgroup.py', '--cfg-path', '/tmp/tmp5r0j78sm']
[2025-01-23T14:10:03.111+0000] {standard_task_runner.py:88} INFO - Job 175: Subtask task45.task1_repareData
[2025-01-23T14:10:03.135+0000] {warnings.py:109} WARNING - /home/***/.local/lib/python3.8/site-packages/***/settings.py:194: DeprecationWarning: The sql_alchemy_conn option in [core] has been moved to the sql_alchemy_conn option in [database] - the old setting has been used, but please update your config.
  SQL_ALCHEMY_CONN = conf.get("database", "SQL_ALCHEMY_CONN")

[2025-01-23T14:10:03.200+0000] {task_command.py:423} INFO - Running <TaskInstance: full_pipline.task45.task1_repareData manual__2025-01-23T14:09:42.910845+00:00 [running]> on host a8cdec4ae828
[2025-01-23T14:10:03.361+0000] {taskinstance.py:2480} INFO - Exporting env vars: AIRFLOW_CTX_DAG_OWNER='***' AIRFLOW_CTX_DAG_ID='full_pipline' AIRFLOW_CTX_TASK_ID='task45.task1_repareData' AIRFLOW_CTX_EXECUTION_DATE='2025-01-23T14:09:42.910845+00:00' AIRFLOW_CTX_TRY_NUMBER='1' AIRFLOW_CTX_DAG_RUN_ID='manual__2025-01-23T14:09:42.910845+00:00'
[2025-01-23T14:10:03.379+0000] {warnings.py:109} WARNING - /opt/***/dags/allTasks_taskgroup.py:83: SettingWithCopyWarning: 
A value is trying to be set on a copy of a slice from a DataFrame.
Try using .loc[row_indexer,col_indexer] = value instead

See the caveats in the documentation: https://pandas.pydata.org/pandas-docs/stable/user_guide/indexing.html#returning-a-view-versus-a-copy
  df_temp.loc[:, 'target'] = df_temp['temperature'].shift(1)

[2025-01-23T14:10:03.381+0000] {warnings.py:109} WARNING - /opt/***/dags/allTasks_taskgroup.py:87: SettingWithCopyWarning: 
A value is trying to be set on a copy of a slice from a DataFrame.
Try using .loc[row_indexer,col_indexer] = value instead

See the caveats in the documentation: https://pandas.pydata.org/pandas-docs/stable/user_guide/indexing.html#returning-a-view-versus-a-copy
  df_temp.loc[:, 'temp_m-{}'.format(i)

[2025-01-23T14:10:03.383+0000] {warnings.py:109} WARNING - /opt/***/dags/allTasks_taskgroup.py:87: SettingWithCopyWarning: 
A value is trying to be set on a copy of a slice from a DataFrame.
Try using .loc[row_indexer,col_indexer] = value instead

See the caveats in the documentation: https://pandas.pydata.org/pandas-docs/stable/user_guide/indexing.html#returning-a-view-versus-a-copy
  df_temp.loc[:, 'temp_m-{}'.format(i)

[2025-01-23T14:10:03.384+0000] {warnings.py:109} WARNING - /opt/***/dags/allTasks_taskgroup.py:87: SettingWithCopyWarning: 
A value is trying to be set on a copy of a slice from a DataFrame.
Try using .loc[row_indexer,col_indexer] = value instead

See the caveats in the documentation: https://pandas.pydata.org/pandas-docs/stable/user_guide/indexing.html#returning-a-view-versus-a-copy
  df_temp.loc[:, 'temp_m-{}'.format(i)

[2025-01-23T14:10:03.386+0000] {warnings.py:109} WARNING - /opt/***/dags/allTasks_taskgroup.py:87: SettingWithCopyWarning: 
A value is trying to be set on a copy of a slice from a DataFrame.
Try using .loc[row_indexer,col_indexer] = value instead

See the caveats in the documentation: https://pandas.pydata.org/pandas-docs/stable/user_guide/indexing.html#returning-a-view-versus-a-copy
  df_temp.loc[:, 'temp_m-{}'.format(i)

[2025-01-23T14:10:03.388+0000] {warnings.py:109} WARNING - /opt/***/dags/allTasks_taskgroup.py:87: SettingWithCopyWarning: 
A value is trying to be set on a copy of a slice from a DataFrame.
Try using .loc[row_indexer,col_indexer] = value instead

See the caveats in the documentation: https://pandas.pydata.org/pandas-docs/stable/user_guide/indexing.html#returning-a-view-versus-a-copy
  df_temp.loc[:, 'temp_m-{}'.format(i)

[2025-01-23T14:10:03.389+0000] {warnings.py:109} WARNING - /opt/***/dags/allTasks_taskgroup.py:87: SettingWithCopyWarning: 
A value is trying to be set on a copy of a slice from a DataFrame.
Try using .loc[row_indexer,col_indexer] = value instead

See the caveats in the documentation: https://pandas.pydata.org/pandas-docs/stable/user_guide/indexing.html#returning-a-view-versus-a-copy
  df_temp.loc[:, 'temp_m-{}'.format(i)

[2025-01-23T14:10:03.391+0000] {warnings.py:109} WARNING - /opt/***/dags/allTasks_taskgroup.py:87: SettingWithCopyWarning: 
A value is trying to be set on a copy of a slice from a DataFrame.
Try using .loc[row_indexer,col_indexer] = value instead

See the caveats in the documentation: https://pandas.pydata.org/pandas-docs/stable/user_guide/indexing.html#returning-a-view-versus-a-copy
  df_temp.loc[:, 'temp_m-{}'.format(i)

[2025-01-23T14:10:03.392+0000] {warnings.py:109} WARNING - /opt/***/dags/allTasks_taskgroup.py:87: SettingWithCopyWarning: 
A value is trying to be set on a copy of a slice from a DataFrame.
Try using .loc[row_indexer,col_indexer] = value instead

See the caveats in the documentation: https://pandas.pydata.org/pandas-docs/stable/user_guide/indexing.html#returning-a-view-versus-a-copy
  df_temp.loc[:, 'temp_m-{}'.format(i)

[2025-01-23T14:10:03.394+0000] {warnings.py:109} WARNING - /opt/***/dags/allTasks_taskgroup.py:87: SettingWithCopyWarning: 
A value is trying to be set on a copy of a slice from a DataFrame.
Try using .loc[row_indexer,col_indexer] = value instead

See the caveats in the documentation: https://pandas.pydata.org/pandas-docs/stable/user_guide/indexing.html#returning-a-view-versus-a-copy
  df_temp.loc[:, 'temp_m-{}'.format(i)

[2025-01-23T14:10:03.399+0000] {warnings.py:109} WARNING - /opt/***/dags/allTasks_taskgroup.py:83: SettingWithCopyWarning: 
A value is trying to be set on a copy of a slice from a DataFrame.
Try using .loc[row_indexer,col_indexer] = value instead

See the caveats in the documentation: https://pandas.pydata.org/pandas-docs/stable/user_guide/indexing.html#returning-a-view-versus-a-copy
  df_temp.loc[:, 'target'] = df_temp['temperature'].shift(1)

[2025-01-23T14:10:03.401+0000] {warnings.py:109} WARNING - /opt/***/dags/allTasks_taskgroup.py:87: SettingWithCopyWarning: 
A value is trying to be set on a copy of a slice from a DataFrame.
Try using .loc[row_indexer,col_indexer] = value instead

See the caveats in the documentation: https://pandas.pydata.org/pandas-docs/stable/user_guide/indexing.html#returning-a-view-versus-a-copy
  df_temp.loc[:, 'temp_m-{}'.format(i)

[2025-01-23T14:10:03.403+0000] {warnings.py:109} WARNING - /opt/***/dags/allTasks_taskgroup.py:87: SettingWithCopyWarning: 
A value is trying to be set on a copy of a slice from a DataFrame.
Try using .loc[row_indexer,col_indexer] = value instead

See the caveats in the documentation: https://pandas.pydata.org/pandas-docs/stable/user_guide/indexing.html#returning-a-view-versus-a-copy
  df_temp.loc[:, 'temp_m-{}'.format(i)

[2025-01-23T14:10:03.405+0000] {warnings.py:109} WARNING - /opt/***/dags/allTasks_taskgroup.py:87: SettingWithCopyWarning: 
A value is trying to be set on a copy of a slice from a DataFrame.
Try using .loc[row_indexer,col_indexer] = value instead

See the caveats in the documentation: https://pandas.pydata.org/pandas-docs/stable/user_guide/indexing.html#returning-a-view-versus-a-copy
  df_temp.loc[:, 'temp_m-{}'.format(i)

[2025-01-23T14:10:03.407+0000] {warnings.py:109} WARNING - /opt/***/dags/allTasks_taskgroup.py:87: SettingWithCopyWarning: 
A value is trying to be set on a copy of a slice from a DataFrame.
Try using .loc[row_indexer,col_indexer] = value instead

See the caveats in the documentation: https://pandas.pydata.org/pandas-docs/stable/user_guide/indexing.html#returning-a-view-versus-a-copy
  df_temp.loc[:, 'temp_m-{}'.format(i)

[2025-01-23T14:10:03.409+0000] {warnings.py:109} WARNING - /opt/***/dags/allTasks_taskgroup.py:87: SettingWithCopyWarning: 
A value is trying to be set on a copy of a slice from a DataFrame.
Try using .loc[row_indexer,col_indexer] = value instead

See the caveats in the documentation: https://pandas.pydata.org/pandas-docs/stable/user_guide/indexing.html#returning-a-view-versus-a-copy
  df_temp.loc[:, 'temp_m-{}'.format(i)

[2025-01-23T14:10:03.410+0000] {warnings.py:109} WARNING - /opt/***/dags/allTasks_taskgroup.py:87: SettingWithCopyWarning: 
A value is trying to be set on a copy of a slice from a DataFrame.
Try using .loc[row_indexer,col_indexer] = value instead

See the caveats in the documentation: https://pandas.pydata.org/pandas-docs/stable/user_guide/indexing.html#returning-a-view-versus-a-copy
  df_temp.loc[:, 'temp_m-{}'.format(i)

[2025-01-23T14:10:03.412+0000] {warnings.py:109} WARNING - /opt/***/dags/allTasks_taskgroup.py:87: SettingWithCopyWarning: 
A value is trying to be set on a copy of a slice from a DataFrame.
Try using .loc[row_indexer,col_indexer] = value instead

See the caveats in the documentation: https://pandas.pydata.org/pandas-docs/stable/user_guide/indexing.html#returning-a-view-versus-a-copy
  df_temp.loc[:, 'temp_m-{}'.format(i)

[2025-01-23T14:10:03.414+0000] {warnings.py:109} WARNING - /opt/***/dags/allTasks_taskgroup.py:87: SettingWithCopyWarning: 
A value is trying to be set on a copy of a slice from a DataFrame.
Try using .loc[row_indexer,col_indexer] = value instead

See the caveats in the documentation: https://pandas.pydata.org/pandas-docs/stable/user_guide/indexing.html#returning-a-view-versus-a-copy
  df_temp.loc[:, 'temp_m-{}'.format(i)

[2025-01-23T14:10:03.416+0000] {warnings.py:109} WARNING - /opt/***/dags/allTasks_taskgroup.py:87: SettingWithCopyWarning: 
A value is trying to be set on a copy of a slice from a DataFrame.
Try using .loc[row_indexer,col_indexer] = value instead

See the caveats in the documentation: https://pandas.pydata.org/pandas-docs/stable/user_guide/indexing.html#returning-a-view-versus-a-copy
  df_temp.loc[:, 'temp_m-{}'.format(i)

[2025-01-23T14:10:03.422+0000] {warnings.py:109} WARNING - /opt/***/dags/allTasks_taskgroup.py:83: SettingWithCopyWarning: 
A value is trying to be set on a copy of a slice from a DataFrame.
Try using .loc[row_indexer,col_indexer] = value instead

See the caveats in the documentation: https://pandas.pydata.org/pandas-docs/stable/user_guide/indexing.html#returning-a-view-versus-a-copy
  df_temp.loc[:, 'target'] = df_temp['temperature'].shift(1)

[2025-01-23T14:10:03.424+0000] {warnings.py:109} WARNING - /opt/***/dags/allTasks_taskgroup.py:87: SettingWithCopyWarning: 
A value is trying to be set on a copy of a slice from a DataFrame.
Try using .loc[row_indexer,col_indexer] = value instead

See the caveats in the documentation: https://pandas.pydata.org/pandas-docs/stable/user_guide/indexing.html#returning-a-view-versus-a-copy
  df_temp.loc[:, 'temp_m-{}'.format(i)

[2025-01-23T14:10:03.426+0000] {warnings.py:109} WARNING - /opt/***/dags/allTasks_taskgroup.py:87: SettingWithCopyWarning: 
A value is trying to be set on a copy of a slice from a DataFrame.
Try using .loc[row_indexer,col_indexer] = value instead

See the caveats in the documentation: https://pandas.pydata.org/pandas-docs/stable/user_guide/indexing.html#returning-a-view-versus-a-copy
  df_temp.loc[:, 'temp_m-{}'.format(i)

[2025-01-23T14:10:03.428+0000] {warnings.py:109} WARNING - /opt/***/dags/allTasks_taskgroup.py:87: SettingWithCopyWarning: 
A value is trying to be set on a copy of a slice from a DataFrame.
Try using .loc[row_indexer,col_indexer] = value instead

See the caveats in the documentation: https://pandas.pydata.org/pandas-docs/stable/user_guide/indexing.html#returning-a-view-versus-a-copy
  df_temp.loc[:, 'temp_m-{}'.format(i)

[2025-01-23T14:10:03.429+0000] {warnings.py:109} WARNING - /opt/***/dags/allTasks_taskgroup.py:87: SettingWithCopyWarning: 
A value is trying to be set on a copy of a slice from a DataFrame.
Try using .loc[row_indexer,col_indexer] = value instead

See the caveats in the documentation: https://pandas.pydata.org/pandas-docs/stable/user_guide/indexing.html#returning-a-view-versus-a-copy
  df_temp.loc[:, 'temp_m-{}'.format(i)

[2025-01-23T14:10:03.431+0000] {warnings.py:109} WARNING - /opt/***/dags/allTasks_taskgroup.py:87: SettingWithCopyWarning: 
A value is trying to be set on a copy of a slice from a DataFrame.
Try using .loc[row_indexer,col_indexer] = value instead

See the caveats in the documentation: https://pandas.pydata.org/pandas-docs/stable/user_guide/indexing.html#returning-a-view-versus-a-copy
  df_temp.loc[:, 'temp_m-{}'.format(i)

[2025-01-23T14:10:03.433+0000] {warnings.py:109} WARNING - /opt/***/dags/allTasks_taskgroup.py:87: SettingWithCopyWarning: 
A value is trying to be set on a copy of a slice from a DataFrame.
Try using .loc[row_indexer,col_indexer] = value instead

See the caveats in the documentation: https://pandas.pydata.org/pandas-docs/stable/user_guide/indexing.html#returning-a-view-versus-a-copy
  df_temp.loc[:, 'temp_m-{}'.format(i)

[2025-01-23T14:10:03.435+0000] {warnings.py:109} WARNING - /opt/***/dags/allTasks_taskgroup.py:87: SettingWithCopyWarning: 
A value is trying to be set on a copy of a slice from a DataFrame.
Try using .loc[row_indexer,col_indexer] = value instead

See the caveats in the documentation: https://pandas.pydata.org/pandas-docs/stable/user_guide/indexing.html#returning-a-view-versus-a-copy
  df_temp.loc[:, 'temp_m-{}'.format(i)

[2025-01-23T14:10:03.437+0000] {warnings.py:109} WARNING - /opt/***/dags/allTasks_taskgroup.py:87: SettingWithCopyWarning: 
A value is trying to be set on a copy of a slice from a DataFrame.
Try using .loc[row_indexer,col_indexer] = value instead

See the caveats in the documentation: https://pandas.pydata.org/pandas-docs/stable/user_guide/indexing.html#returning-a-view-versus-a-copy
  df_temp.loc[:, 'temp_m-{}'.format(i)

[2025-01-23T14:10:03.438+0000] {warnings.py:109} WARNING - /opt/***/dags/allTasks_taskgroup.py:87: SettingWithCopyWarning: 
A value is trying to be set on a copy of a slice from a DataFrame.
Try using .loc[row_indexer,col_indexer] = value instead

See the caveats in the documentation: https://pandas.pydata.org/pandas-docs/stable/user_guide/indexing.html#returning-a-view-versus-a-copy
  df_temp.loc[:, 'temp_m-{}'.format(i)

[2025-01-23T14:10:03.512+0000] {python.py:201} INFO - Done. Returned value was: None
[2025-01-23T14:10:03.533+0000] {taskinstance.py:1138} INFO - Marking task as SUCCESS. dag_id=full_pipline, task_id=task45.task1_repareData, execution_date=20250123T140942, start_date=20250123T141003, end_date=20250123T141003
[2025-01-23T14:10:03.609+0000] {local_task_job_runner.py:234} INFO - Task exited with return code 0
[2025-01-23T14:10:03.714+0000] {taskinstance.py:3280} INFO - 3 downstream tasks scheduled from follow-on schedule check
