[2025-01-23T11:02:48.369+0000] {taskinstance.py:1956} INFO - Dependencies all met for dep_context=non-requeueable deps ti=<TaskInstance: full_pipline.task45_train_models manual__2025-01-23T11:02:28.439616+00:00 [queued]>
[2025-01-23T11:02:48.386+0000] {taskinstance.py:1956} INFO - Dependencies all met for dep_context=requeueable deps ti=<TaskInstance: full_pipline.task45_train_models manual__2025-01-23T11:02:28.439616+00:00 [queued]>
[2025-01-23T11:02:48.387+0000] {taskinstance.py:2170} INFO - Starting attempt 1 of 1
[2025-01-23T11:02:48.416+0000] {taskinstance.py:2191} INFO - Executing <Task(PythonOperator): task45_train_models> on 2025-01-23 11:02:28.439616+00:00
[2025-01-23T11:02:48.428+0000] {standard_task_runner.py:60} INFO - Started process 3064 to run task
[2025-01-23T11:02:48.436+0000] {standard_task_runner.py:87} INFO - Running: ['***', 'tasks', 'run', 'full_pipline', 'task45_train_models', 'manual__2025-01-23T11:02:28.439616+00:00', '--job-id', '62', '--raw', '--subdir', 'DAGS_FOLDER/allTasks_taskgroup.py', '--cfg-path', '/tmp/tmpj423yalr']
[2025-01-23T11:02:48.438+0000] {standard_task_runner.py:88} INFO - Job 62: Subtask task45_train_models
[2025-01-23T11:02:48.459+0000] {warnings.py:109} WARNING - /home/***/.local/lib/python3.8/site-packages/***/settings.py:194: DeprecationWarning: The sql_alchemy_conn option in [core] has been moved to the sql_alchemy_conn option in [database] - the old setting has been used, but please update your config.
  SQL_ALCHEMY_CONN = conf.get("database", "SQL_ALCHEMY_CONN")

[2025-01-23T11:02:48.523+0000] {task_command.py:423} INFO - Running <TaskInstance: full_pipline.task45_train_models manual__2025-01-23T11:02:28.439616+00:00 [running]> on host a8cdec4ae828
[2025-01-23T11:02:48.805+0000] {taskinstance.py:2480} INFO - Exporting env vars: AIRFLOW_CTX_DAG_OWNER='***' AIRFLOW_CTX_DAG_ID='full_pipline' AIRFLOW_CTX_TASK_ID='task45_train_models' AIRFLOW_CTX_EXECUTION_DATE='2025-01-23T11:02:28.439616+00:00' AIRFLOW_CTX_TRY_NUMBER='1' AIRFLOW_CTX_DAG_RUN_ID='manual__2025-01-23T11:02:28.439616+00:00'
[2025-01-23T11:02:48.854+0000] {warnings.py:109} WARNING - /opt/***/dags/allTasks_taskgroup.py:104: SettingWithCopyWarning: 
A value is trying to be set on a copy of a slice from a DataFrame.
Try using .loc[row_indexer,col_indexer] = value instead

See the caveats in the documentation: https://pandas.pydata.org/pandas-docs/stable/user_guide/indexing.html#returning-a-view-versus-a-copy
  df_temp.loc[:, 'target'] = df_temp['temperature'].shift(1)

[2025-01-23T11:02:48.858+0000] {warnings.py:109} WARNING - /opt/***/dags/allTasks_taskgroup.py:108: SettingWithCopyWarning: 
A value is trying to be set on a copy of a slice from a DataFrame.
Try using .loc[row_indexer,col_indexer] = value instead

See the caveats in the documentation: https://pandas.pydata.org/pandas-docs/stable/user_guide/indexing.html#returning-a-view-versus-a-copy
  df_temp.loc[:, 'temp_m-{}'.format(i)

[2025-01-23T11:02:48.860+0000] {warnings.py:109} WARNING - /opt/***/dags/allTasks_taskgroup.py:108: SettingWithCopyWarning: 
A value is trying to be set on a copy of a slice from a DataFrame.
Try using .loc[row_indexer,col_indexer] = value instead

See the caveats in the documentation: https://pandas.pydata.org/pandas-docs/stable/user_guide/indexing.html#returning-a-view-versus-a-copy
  df_temp.loc[:, 'temp_m-{}'.format(i)

[2025-01-23T11:02:48.862+0000] {warnings.py:109} WARNING - /opt/***/dags/allTasks_taskgroup.py:108: SettingWithCopyWarning: 
A value is trying to be set on a copy of a slice from a DataFrame.
Try using .loc[row_indexer,col_indexer] = value instead

See the caveats in the documentation: https://pandas.pydata.org/pandas-docs/stable/user_guide/indexing.html#returning-a-view-versus-a-copy
  df_temp.loc[:, 'temp_m-{}'.format(i)

[2025-01-23T11:02:48.864+0000] {warnings.py:109} WARNING - /opt/***/dags/allTasks_taskgroup.py:108: SettingWithCopyWarning: 
A value is trying to be set on a copy of a slice from a DataFrame.
Try using .loc[row_indexer,col_indexer] = value instead

See the caveats in the documentation: https://pandas.pydata.org/pandas-docs/stable/user_guide/indexing.html#returning-a-view-versus-a-copy
  df_temp.loc[:, 'temp_m-{}'.format(i)

[2025-01-23T11:02:48.865+0000] {warnings.py:109} WARNING - /opt/***/dags/allTasks_taskgroup.py:108: SettingWithCopyWarning: 
A value is trying to be set on a copy of a slice from a DataFrame.
Try using .loc[row_indexer,col_indexer] = value instead

See the caveats in the documentation: https://pandas.pydata.org/pandas-docs/stable/user_guide/indexing.html#returning-a-view-versus-a-copy
  df_temp.loc[:, 'temp_m-{}'.format(i)

[2025-01-23T11:02:48.867+0000] {warnings.py:109} WARNING - /opt/***/dags/allTasks_taskgroup.py:108: SettingWithCopyWarning: 
A value is trying to be set on a copy of a slice from a DataFrame.
Try using .loc[row_indexer,col_indexer] = value instead

See the caveats in the documentation: https://pandas.pydata.org/pandas-docs/stable/user_guide/indexing.html#returning-a-view-versus-a-copy
  df_temp.loc[:, 'temp_m-{}'.format(i)

[2025-01-23T11:02:48.868+0000] {warnings.py:109} WARNING - /opt/***/dags/allTasks_taskgroup.py:108: SettingWithCopyWarning: 
A value is trying to be set on a copy of a slice from a DataFrame.
Try using .loc[row_indexer,col_indexer] = value instead

See the caveats in the documentation: https://pandas.pydata.org/pandas-docs/stable/user_guide/indexing.html#returning-a-view-versus-a-copy
  df_temp.loc[:, 'temp_m-{}'.format(i)

[2025-01-23T11:02:48.870+0000] {warnings.py:109} WARNING - /opt/***/dags/allTasks_taskgroup.py:108: SettingWithCopyWarning: 
A value is trying to be set on a copy of a slice from a DataFrame.
Try using .loc[row_indexer,col_indexer] = value instead

See the caveats in the documentation: https://pandas.pydata.org/pandas-docs/stable/user_guide/indexing.html#returning-a-view-versus-a-copy
  df_temp.loc[:, 'temp_m-{}'.format(i)

[2025-01-23T11:02:48.872+0000] {warnings.py:109} WARNING - /opt/***/dags/allTasks_taskgroup.py:108: SettingWithCopyWarning: 
A value is trying to be set on a copy of a slice from a DataFrame.
Try using .loc[row_indexer,col_indexer] = value instead

See the caveats in the documentation: https://pandas.pydata.org/pandas-docs/stable/user_guide/indexing.html#returning-a-view-versus-a-copy
  df_temp.loc[:, 'temp_m-{}'.format(i)

[2025-01-23T11:02:48.878+0000] {warnings.py:109} WARNING - /opt/***/dags/allTasks_taskgroup.py:104: SettingWithCopyWarning: 
A value is trying to be set on a copy of a slice from a DataFrame.
Try using .loc[row_indexer,col_indexer] = value instead

See the caveats in the documentation: https://pandas.pydata.org/pandas-docs/stable/user_guide/indexing.html#returning-a-view-versus-a-copy
  df_temp.loc[:, 'target'] = df_temp['temperature'].shift(1)

[2025-01-23T11:02:48.880+0000] {warnings.py:109} WARNING - /opt/***/dags/allTasks_taskgroup.py:108: SettingWithCopyWarning: 
A value is trying to be set on a copy of a slice from a DataFrame.
Try using .loc[row_indexer,col_indexer] = value instead

See the caveats in the documentation: https://pandas.pydata.org/pandas-docs/stable/user_guide/indexing.html#returning-a-view-versus-a-copy
  df_temp.loc[:, 'temp_m-{}'.format(i)

[2025-01-23T11:02:48.882+0000] {warnings.py:109} WARNING - /opt/***/dags/allTasks_taskgroup.py:108: SettingWithCopyWarning: 
A value is trying to be set on a copy of a slice from a DataFrame.
Try using .loc[row_indexer,col_indexer] = value instead

See the caveats in the documentation: https://pandas.pydata.org/pandas-docs/stable/user_guide/indexing.html#returning-a-view-versus-a-copy
  df_temp.loc[:, 'temp_m-{}'.format(i)

[2025-01-23T11:02:48.884+0000] {warnings.py:109} WARNING - /opt/***/dags/allTasks_taskgroup.py:108: SettingWithCopyWarning: 
A value is trying to be set on a copy of a slice from a DataFrame.
Try using .loc[row_indexer,col_indexer] = value instead

See the caveats in the documentation: https://pandas.pydata.org/pandas-docs/stable/user_guide/indexing.html#returning-a-view-versus-a-copy
  df_temp.loc[:, 'temp_m-{}'.format(i)

[2025-01-23T11:02:48.886+0000] {warnings.py:109} WARNING - /opt/***/dags/allTasks_taskgroup.py:108: SettingWithCopyWarning: 
A value is trying to be set on a copy of a slice from a DataFrame.
Try using .loc[row_indexer,col_indexer] = value instead

See the caveats in the documentation: https://pandas.pydata.org/pandas-docs/stable/user_guide/indexing.html#returning-a-view-versus-a-copy
  df_temp.loc[:, 'temp_m-{}'.format(i)

[2025-01-23T11:02:48.888+0000] {warnings.py:109} WARNING - /opt/***/dags/allTasks_taskgroup.py:108: SettingWithCopyWarning: 
A value is trying to be set on a copy of a slice from a DataFrame.
Try using .loc[row_indexer,col_indexer] = value instead

See the caveats in the documentation: https://pandas.pydata.org/pandas-docs/stable/user_guide/indexing.html#returning-a-view-versus-a-copy
  df_temp.loc[:, 'temp_m-{}'.format(i)

[2025-01-23T11:02:48.890+0000] {warnings.py:109} WARNING - /opt/***/dags/allTasks_taskgroup.py:108: SettingWithCopyWarning: 
A value is trying to be set on a copy of a slice from a DataFrame.
Try using .loc[row_indexer,col_indexer] = value instead

See the caveats in the documentation: https://pandas.pydata.org/pandas-docs/stable/user_guide/indexing.html#returning-a-view-versus-a-copy
  df_temp.loc[:, 'temp_m-{}'.format(i)

[2025-01-23T11:02:48.892+0000] {warnings.py:109} WARNING - /opt/***/dags/allTasks_taskgroup.py:108: SettingWithCopyWarning: 
A value is trying to be set on a copy of a slice from a DataFrame.
Try using .loc[row_indexer,col_indexer] = value instead

See the caveats in the documentation: https://pandas.pydata.org/pandas-docs/stable/user_guide/indexing.html#returning-a-view-versus-a-copy
  df_temp.loc[:, 'temp_m-{}'.format(i)

[2025-01-23T11:02:48.894+0000] {warnings.py:109} WARNING - /opt/***/dags/allTasks_taskgroup.py:108: SettingWithCopyWarning: 
A value is trying to be set on a copy of a slice from a DataFrame.
Try using .loc[row_indexer,col_indexer] = value instead

See the caveats in the documentation: https://pandas.pydata.org/pandas-docs/stable/user_guide/indexing.html#returning-a-view-versus-a-copy
  df_temp.loc[:, 'temp_m-{}'.format(i)

[2025-01-23T11:02:48.896+0000] {warnings.py:109} WARNING - /opt/***/dags/allTasks_taskgroup.py:108: SettingWithCopyWarning: 
A value is trying to be set on a copy of a slice from a DataFrame.
Try using .loc[row_indexer,col_indexer] = value instead

See the caveats in the documentation: https://pandas.pydata.org/pandas-docs/stable/user_guide/indexing.html#returning-a-view-versus-a-copy
  df_temp.loc[:, 'temp_m-{}'.format(i)

[2025-01-23T11:02:48.901+0000] {warnings.py:109} WARNING - /opt/***/dags/allTasks_taskgroup.py:104: SettingWithCopyWarning: 
A value is trying to be set on a copy of a slice from a DataFrame.
Try using .loc[row_indexer,col_indexer] = value instead

See the caveats in the documentation: https://pandas.pydata.org/pandas-docs/stable/user_guide/indexing.html#returning-a-view-versus-a-copy
  df_temp.loc[:, 'target'] = df_temp['temperature'].shift(1)

[2025-01-23T11:02:48.903+0000] {warnings.py:109} WARNING - /opt/***/dags/allTasks_taskgroup.py:108: SettingWithCopyWarning: 
A value is trying to be set on a copy of a slice from a DataFrame.
Try using .loc[row_indexer,col_indexer] = value instead

See the caveats in the documentation: https://pandas.pydata.org/pandas-docs/stable/user_guide/indexing.html#returning-a-view-versus-a-copy
  df_temp.loc[:, 'temp_m-{}'.format(i)

[2025-01-23T11:02:48.905+0000] {warnings.py:109} WARNING - /opt/***/dags/allTasks_taskgroup.py:108: SettingWithCopyWarning: 
A value is trying to be set on a copy of a slice from a DataFrame.
Try using .loc[row_indexer,col_indexer] = value instead

See the caveats in the documentation: https://pandas.pydata.org/pandas-docs/stable/user_guide/indexing.html#returning-a-view-versus-a-copy
  df_temp.loc[:, 'temp_m-{}'.format(i)

[2025-01-23T11:02:48.907+0000] {warnings.py:109} WARNING - /opt/***/dags/allTasks_taskgroup.py:108: SettingWithCopyWarning: 
A value is trying to be set on a copy of a slice from a DataFrame.
Try using .loc[row_indexer,col_indexer] = value instead

See the caveats in the documentation: https://pandas.pydata.org/pandas-docs/stable/user_guide/indexing.html#returning-a-view-versus-a-copy
  df_temp.loc[:, 'temp_m-{}'.format(i)

[2025-01-23T11:02:48.909+0000] {warnings.py:109} WARNING - /opt/***/dags/allTasks_taskgroup.py:108: SettingWithCopyWarning: 
A value is trying to be set on a copy of a slice from a DataFrame.
Try using .loc[row_indexer,col_indexer] = value instead

See the caveats in the documentation: https://pandas.pydata.org/pandas-docs/stable/user_guide/indexing.html#returning-a-view-versus-a-copy
  df_temp.loc[:, 'temp_m-{}'.format(i)

[2025-01-23T11:02:48.910+0000] {warnings.py:109} WARNING - /opt/***/dags/allTasks_taskgroup.py:108: SettingWithCopyWarning: 
A value is trying to be set on a copy of a slice from a DataFrame.
Try using .loc[row_indexer,col_indexer] = value instead

See the caveats in the documentation: https://pandas.pydata.org/pandas-docs/stable/user_guide/indexing.html#returning-a-view-versus-a-copy
  df_temp.loc[:, 'temp_m-{}'.format(i)

[2025-01-23T11:02:48.912+0000] {warnings.py:109} WARNING - /opt/***/dags/allTasks_taskgroup.py:108: SettingWithCopyWarning: 
A value is trying to be set on a copy of a slice from a DataFrame.
Try using .loc[row_indexer,col_indexer] = value instead

See the caveats in the documentation: https://pandas.pydata.org/pandas-docs/stable/user_guide/indexing.html#returning-a-view-versus-a-copy
  df_temp.loc[:, 'temp_m-{}'.format(i)

[2025-01-23T11:02:48.914+0000] {warnings.py:109} WARNING - /opt/***/dags/allTasks_taskgroup.py:108: SettingWithCopyWarning: 
A value is trying to be set on a copy of a slice from a DataFrame.
Try using .loc[row_indexer,col_indexer] = value instead

See the caveats in the documentation: https://pandas.pydata.org/pandas-docs/stable/user_guide/indexing.html#returning-a-view-versus-a-copy
  df_temp.loc[:, 'temp_m-{}'.format(i)

[2025-01-23T11:02:48.915+0000] {warnings.py:109} WARNING - /opt/***/dags/allTasks_taskgroup.py:108: SettingWithCopyWarning: 
A value is trying to be set on a copy of a slice from a DataFrame.
Try using .loc[row_indexer,col_indexer] = value instead

See the caveats in the documentation: https://pandas.pydata.org/pandas-docs/stable/user_guide/indexing.html#returning-a-view-versus-a-copy
  df_temp.loc[:, 'temp_m-{}'.format(i)

[2025-01-23T11:02:48.917+0000] {warnings.py:109} WARNING - /opt/***/dags/allTasks_taskgroup.py:108: SettingWithCopyWarning: 
A value is trying to be set on a copy of a slice from a DataFrame.
Try using .loc[row_indexer,col_indexer] = value instead

See the caveats in the documentation: https://pandas.pydata.org/pandas-docs/stable/user_guide/indexing.html#returning-a-view-versus-a-copy
  df_temp.loc[:, 'temp_m-{}'.format(i)

[2025-01-23T11:02:50.399+0000] {logging_mixin.py:188} INFO - LinearRegression() saved at  /app/clean_data/best_model.pickle
[2025-01-23T11:02:50.403+0000] {python.py:201} INFO - Done. Returned value was: None
[2025-01-23T11:02:50.418+0000] {taskinstance.py:1138} INFO - Marking task as SUCCESS. dag_id=full_pipline, task_id=task45_train_models, execution_date=20250123T110228, start_date=20250123T110248, end_date=20250123T110250
[2025-01-23T11:02:50.497+0000] {local_task_job_runner.py:234} INFO - Task exited with return code 0
[2025-01-23T11:02:50.530+0000] {taskinstance.py:3280} INFO - 0 downstream tasks scheduled from follow-on schedule check
