[2025-01-23T09:50:22.765+0000] {taskinstance.py:1956} INFO - Dependencies all met for dep_context=non-requeueable deps ti=<TaskInstance: transform_to_clean_data.task3_allrecodes scheduled__2025-01-23T09:48:00+00:00 [queued]>
[2025-01-23T09:50:22.850+0000] {taskinstance.py:1956} INFO - Dependencies all met for dep_context=requeueable deps ti=<TaskInstance: transform_to_clean_data.task3_allrecodes scheduled__2025-01-23T09:48:00+00:00 [queued]>
[2025-01-23T09:50:22.869+0000] {taskinstance.py:2170} INFO - Starting attempt 1 of 1
[2025-01-23T09:50:22.978+0000] {taskinstance.py:2191} INFO - Executing <Task(PythonOperator): task3_allrecodes> on 2025-01-23 09:48:00+00:00
[2025-01-23T09:50:23.046+0000] {standard_task_runner.py:60} INFO - Started process 997 to run task
[2025-01-23T09:50:23.064+0000] {standard_task_runner.py:87} INFO - Running: ['***', 'tasks', 'run', 'transform_to_clean_data', 'task3_allrecodes', 'scheduled__2025-01-23T09:48:00+00:00', '--job-id', '51', '--raw', '--subdir', 'DAGS_FOLDER/task23_transform_data.py', '--cfg-path', '/tmp/tmp4shnbh7k']
[2025-01-23T09:50:23.082+0000] {standard_task_runner.py:88} INFO - Job 51: Subtask task3_allrecodes
[2025-01-23T09:50:23.188+0000] {warnings.py:109} WARNING - /home/***/.local/lib/python3.8/site-packages/***/settings.py:194: DeprecationWarning: The sql_alchemy_conn option in [core] has been moved to the sql_alchemy_conn option in [database] - the old setting has been used, but please update your config.
  SQL_ALCHEMY_CONN = conf.get("database", "SQL_ALCHEMY_CONN")

[2025-01-23T09:50:23.577+0000] {task_command.py:423} INFO - Running <TaskInstance: transform_to_clean_data.task3_allrecodes scheduled__2025-01-23T09:48:00+00:00 [running]> on host a8cdec4ae828
[2025-01-23T09:50:24.230+0000] {taskinstance.py:2480} INFO - Exporting env vars: AIRFLOW_CTX_DAG_OWNER='***' AIRFLOW_CTX_DAG_ID='transform_to_clean_data' AIRFLOW_CTX_TASK_ID='task3_allrecodes' AIRFLOW_CTX_EXECUTION_DATE='2025-01-23T09:48:00+00:00' AIRFLOW_CTX_TRY_NUMBER='1' AIRFLOW_CTX_DAG_RUN_ID='scheduled__2025-01-23T09:48:00+00:00'
[2025-01-23T09:50:24.527+0000] {logging_mixin.py:188} INFO -     temperature        city  pression              date
0       278.29       Paris      1012  23-01-2025 09:44
1       278.62      London      1003  23-01-2025 09:44
2       267.81  Washington      1042  23-01-2025 09:44
3       278.24       Paris      1012  23-01-2025 09:43
4       278.62      London      1003  23-01-2025 09:43
5       267.81  Washington      1042  23-01-2025 09:43
6       278.24       Paris      1012  23-01-2025 09:42
7       278.62      London      1003  23-01-2025 09:42
8       267.81  Washington      1042  23-01-2025 09:42
9       278.24       Paris      1012  23-01-2025 09:41
[2025-01-23T09:50:24.548+0000] {python.py:201} INFO - Done. Returned value was: None
[2025-01-23T09:50:24.610+0000] {taskinstance.py:1138} INFO - Marking task as SUCCESS. dag_id=transform_to_clean_data, task_id=task3_allrecodes, execution_date=20250123T094800, start_date=20250123T095022, end_date=20250123T095024
[2025-01-23T09:50:24.934+0000] {local_task_job_runner.py:234} INFO - Task exited with return code 0
[2025-01-23T09:50:25.202+0000] {taskinstance.py:3280} INFO - 0 downstream tasks scheduled from follow-on schedule check
