[2025-01-23T14:09:57.392+0000] {taskinstance.py:1956} INFO - Dependencies all met for dep_context=non-requeueable deps ti=<TaskInstance: full_pipline.task23.task2_last20recodes manual__2025-01-23T14:09:42.910845+00:00 [queued]>
[2025-01-23T14:09:57.440+0000] {taskinstance.py:1956} INFO - Dependencies all met for dep_context=requeueable deps ti=<TaskInstance: full_pipline.task23.task2_last20recodes manual__2025-01-23T14:09:42.910845+00:00 [queued]>
[2025-01-23T14:09:57.445+0000] {taskinstance.py:2170} INFO - Starting attempt 1 of 1
[2025-01-23T14:09:57.571+0000] {taskinstance.py:2191} INFO - Executing <Task(PythonOperator): task23.task2_last20recodes> on 2025-01-23 14:09:42.910845+00:00
[2025-01-23T14:09:57.651+0000] {standard_task_runner.py:87} INFO - Running: ['***', 'tasks', 'run', 'full_pipline', 'task23.task2_last20recodes', 'manual__2025-01-23T14:09:42.910845+00:00', '--job-id', '174', '--raw', '--subdir', 'DAGS_FOLDER/allTasks_taskgroup.py', '--cfg-path', '/tmp/tmplbc6ggae']
[2025-01-23T14:09:57.633+0000] {standard_task_runner.py:60} INFO - Started process 9431 to run task
[2025-01-23T14:09:57.659+0000] {standard_task_runner.py:88} INFO - Job 174: Subtask task23.task2_last20recodes
[2025-01-23T14:09:57.745+0000] {warnings.py:109} WARNING - /home/***/.local/lib/python3.8/site-packages/***/settings.py:194: DeprecationWarning: The sql_alchemy_conn option in [core] has been moved to the sql_alchemy_conn option in [database] - the old setting has been used, but please update your config.
  SQL_ALCHEMY_CONN = conf.get("database", "SQL_ALCHEMY_CONN")

[2025-01-23T14:09:57.907+0000] {task_command.py:423} INFO - Running <TaskInstance: full_pipline.task23.task2_last20recodes manual__2025-01-23T14:09:42.910845+00:00 [running]> on host a8cdec4ae828
[2025-01-23T14:09:58.243+0000] {taskinstance.py:2480} INFO - Exporting env vars: AIRFLOW_CTX_DAG_OWNER='***' AIRFLOW_CTX_DAG_ID='full_pipline' AIRFLOW_CTX_TASK_ID='task23.task2_last20recodes' AIRFLOW_CTX_EXECUTION_DATE='2025-01-23T14:09:42.910845+00:00' AIRFLOW_CTX_TRY_NUMBER='1' AIRFLOW_CTX_DAG_RUN_ID='manual__2025-01-23T14:09:42.910845+00:00'
[2025-01-23T14:09:58.391+0000] {logging_mixin.py:188} INFO -     temperature        city  pression              date
0       280.17       Paris      1010  23-01-2025 14:09
1       281.01      London       998  23-01-2025 14:09
2       266.85  Washington      1040  23-01-2025 14:09
3       280.04       Paris      1013  23-01-2025 11:02
4       279.92      London      1002  23-01-2025 11:02
5       267.85  Washington      1042  23-01-2025 11:02
6       280.04       Paris      1013  23-01-2025 10:52
7       279.64      London      1002  23-01-2025 10:52
8       267.85  Washington      1042  23-01-2025 10:52
9       278.29       Paris      1012  23-01-2025 09:44
[2025-01-23T14:09:58.397+0000] {python.py:201} INFO - Done. Returned value was: None
[2025-01-23T14:09:58.455+0000] {taskinstance.py:1138} INFO - Marking task as SUCCESS. dag_id=full_pipline, task_id=task23.task2_last20recodes, execution_date=20250123T140942, start_date=20250123T140957, end_date=20250123T140958
[2025-01-23T14:09:58.563+0000] {local_task_job_runner.py:234} INFO - Task exited with return code 0
[2025-01-23T14:09:58.787+0000] {taskinstance.py:3280} INFO - 0 downstream tasks scheduled from follow-on schedule check
