[2025-01-23T10:28:41.860+0000] {taskinstance.py:1956} INFO - Dependencies all met for dep_context=non-requeueable deps ti=<TaskInstance: task45_train_models.task45_train_models manual__2025-01-23T10:28:32.100788+00:00 [queued]>
[2025-01-23T10:28:41.907+0000] {taskinstance.py:1956} INFO - Dependencies all met for dep_context=requeueable deps ti=<TaskInstance: task45_train_models.task45_train_models manual__2025-01-23T10:28:32.100788+00:00 [queued]>
[2025-01-23T10:28:41.908+0000] {taskinstance.py:2170} INFO - Starting attempt 1 of 1
[2025-01-23T10:28:41.972+0000] {taskinstance.py:2191} INFO - Executing <Task(PythonOperator): task45_train_models> on 2025-01-23 10:28:32.100788+00:00
[2025-01-23T10:28:41.995+0000] {standard_task_runner.py:60} INFO - Started process 2011 to run task
[2025-01-23T10:28:42.015+0000] {standard_task_runner.py:87} INFO - Running: ['***', 'tasks', 'run', 'task45_train_models', 'task45_train_models', 'manual__2025-01-23T10:28:32.100788+00:00', '--job-id', '57', '--raw', '--subdir', 'DAGS_FOLDER/task45_train_models.py', '--cfg-path', '/tmp/tmpz8qaddqi']
[2025-01-23T10:28:42.017+0000] {standard_task_runner.py:88} INFO - Job 57: Subtask task45_train_models
[2025-01-23T10:28:42.109+0000] {warnings.py:109} WARNING - /home/***/.local/lib/python3.8/site-packages/***/settings.py:194: DeprecationWarning: The sql_alchemy_conn option in [core] has been moved to the sql_alchemy_conn option in [database] - the old setting has been used, but please update your config.
  SQL_ALCHEMY_CONN = conf.get("database", "SQL_ALCHEMY_CONN")

[2025-01-23T10:28:42.253+0000] {task_command.py:423} INFO - Running <TaskInstance: task45_train_models.task45_train_models manual__2025-01-23T10:28:32.100788+00:00 [running]> on host a8cdec4ae828
[2025-01-23T10:28:42.483+0000] {taskinstance.py:2480} INFO - Exporting env vars: AIRFLOW_CTX_DAG_OWNER='***' AIRFLOW_CTX_DAG_ID='task45_train_models' AIRFLOW_CTX_TASK_ID='task45_train_models' AIRFLOW_CTX_EXECUTION_DATE='2025-01-23T10:28:32.100788+00:00' AIRFLOW_CTX_TRY_NUMBER='1' AIRFLOW_CTX_DAG_RUN_ID='manual__2025-01-23T10:28:32.100788+00:00'
[2025-01-23T10:28:42.537+0000] {warnings.py:109} WARNING - /opt/***/dags/task45_train_models.py:49: SettingWithCopyWarning: 
A value is trying to be set on a copy of a slice from a DataFrame.
Try using .loc[row_indexer,col_indexer] = value instead

See the caveats in the documentation: https://pandas.pydata.org/pandas-docs/stable/user_guide/indexing.html#returning-a-view-versus-a-copy
  df_temp.loc[:, 'target'] = df_temp['temperature'].shift(1)

[2025-01-23T10:28:42.549+0000] {warnings.py:109} WARNING - /opt/***/dags/task45_train_models.py:53: SettingWithCopyWarning: 
A value is trying to be set on a copy of a slice from a DataFrame.
Try using .loc[row_indexer,col_indexer] = value instead

See the caveats in the documentation: https://pandas.pydata.org/pandas-docs/stable/user_guide/indexing.html#returning-a-view-versus-a-copy
  df_temp.loc[:, 'temp_m-{}'.format(i)

[2025-01-23T10:28:42.551+0000] {warnings.py:109} WARNING - /opt/***/dags/task45_train_models.py:53: SettingWithCopyWarning: 
A value is trying to be set on a copy of a slice from a DataFrame.
Try using .loc[row_indexer,col_indexer] = value instead

See the caveats in the documentation: https://pandas.pydata.org/pandas-docs/stable/user_guide/indexing.html#returning-a-view-versus-a-copy
  df_temp.loc[:, 'temp_m-{}'.format(i)

[2025-01-23T10:28:42.553+0000] {warnings.py:109} WARNING - /opt/***/dags/task45_train_models.py:53: SettingWithCopyWarning: 
A value is trying to be set on a copy of a slice from a DataFrame.
Try using .loc[row_indexer,col_indexer] = value instead

See the caveats in the documentation: https://pandas.pydata.org/pandas-docs/stable/user_guide/indexing.html#returning-a-view-versus-a-copy
  df_temp.loc[:, 'temp_m-{}'.format(i)

[2025-01-23T10:28:42.561+0000] {warnings.py:109} WARNING - /opt/***/dags/task45_train_models.py:53: SettingWithCopyWarning: 
A value is trying to be set on a copy of a slice from a DataFrame.
Try using .loc[row_indexer,col_indexer] = value instead

See the caveats in the documentation: https://pandas.pydata.org/pandas-docs/stable/user_guide/indexing.html#returning-a-view-versus-a-copy
  df_temp.loc[:, 'temp_m-{}'.format(i)

[2025-01-23T10:28:42.564+0000] {warnings.py:109} WARNING - /opt/***/dags/task45_train_models.py:53: SettingWithCopyWarning: 
A value is trying to be set on a copy of a slice from a DataFrame.
Try using .loc[row_indexer,col_indexer] = value instead

See the caveats in the documentation: https://pandas.pydata.org/pandas-docs/stable/user_guide/indexing.html#returning-a-view-versus-a-copy
  df_temp.loc[:, 'temp_m-{}'.format(i)

[2025-01-23T10:28:42.575+0000] {warnings.py:109} WARNING - /opt/***/dags/task45_train_models.py:53: SettingWithCopyWarning: 
A value is trying to be set on a copy of a slice from a DataFrame.
Try using .loc[row_indexer,col_indexer] = value instead

See the caveats in the documentation: https://pandas.pydata.org/pandas-docs/stable/user_guide/indexing.html#returning-a-view-versus-a-copy
  df_temp.loc[:, 'temp_m-{}'.format(i)

[2025-01-23T10:28:42.577+0000] {warnings.py:109} WARNING - /opt/***/dags/task45_train_models.py:53: SettingWithCopyWarning: 
A value is trying to be set on a copy of a slice from a DataFrame.
Try using .loc[row_indexer,col_indexer] = value instead

See the caveats in the documentation: https://pandas.pydata.org/pandas-docs/stable/user_guide/indexing.html#returning-a-view-versus-a-copy
  df_temp.loc[:, 'temp_m-{}'.format(i)

[2025-01-23T10:28:42.588+0000] {warnings.py:109} WARNING - /opt/***/dags/task45_train_models.py:53: SettingWithCopyWarning: 
A value is trying to be set on a copy of a slice from a DataFrame.
Try using .loc[row_indexer,col_indexer] = value instead

See the caveats in the documentation: https://pandas.pydata.org/pandas-docs/stable/user_guide/indexing.html#returning-a-view-versus-a-copy
  df_temp.loc[:, 'temp_m-{}'.format(i)

[2025-01-23T10:28:42.590+0000] {warnings.py:109} WARNING - /opt/***/dags/task45_train_models.py:53: SettingWithCopyWarning: 
A value is trying to be set on a copy of a slice from a DataFrame.
Try using .loc[row_indexer,col_indexer] = value instead

See the caveats in the documentation: https://pandas.pydata.org/pandas-docs/stable/user_guide/indexing.html#returning-a-view-versus-a-copy
  df_temp.loc[:, 'temp_m-{}'.format(i)

[2025-01-23T10:28:42.605+0000] {warnings.py:109} WARNING - /opt/***/dags/task45_train_models.py:49: SettingWithCopyWarning: 
A value is trying to be set on a copy of a slice from a DataFrame.
Try using .loc[row_indexer,col_indexer] = value instead

See the caveats in the documentation: https://pandas.pydata.org/pandas-docs/stable/user_guide/indexing.html#returning-a-view-versus-a-copy
  df_temp.loc[:, 'target'] = df_temp['temperature'].shift(1)

[2025-01-23T10:28:42.608+0000] {warnings.py:109} WARNING - /opt/***/dags/task45_train_models.py:53: SettingWithCopyWarning: 
A value is trying to be set on a copy of a slice from a DataFrame.
Try using .loc[row_indexer,col_indexer] = value instead

See the caveats in the documentation: https://pandas.pydata.org/pandas-docs/stable/user_guide/indexing.html#returning-a-view-versus-a-copy
  df_temp.loc[:, 'temp_m-{}'.format(i)

[2025-01-23T10:28:42.609+0000] {warnings.py:109} WARNING - /opt/***/dags/task45_train_models.py:53: SettingWithCopyWarning: 
A value is trying to be set on a copy of a slice from a DataFrame.
Try using .loc[row_indexer,col_indexer] = value instead

See the caveats in the documentation: https://pandas.pydata.org/pandas-docs/stable/user_guide/indexing.html#returning-a-view-versus-a-copy
  df_temp.loc[:, 'temp_m-{}'.format(i)

[2025-01-23T10:28:42.612+0000] {warnings.py:109} WARNING - /opt/***/dags/task45_train_models.py:53: SettingWithCopyWarning: 
A value is trying to be set on a copy of a slice from a DataFrame.
Try using .loc[row_indexer,col_indexer] = value instead

See the caveats in the documentation: https://pandas.pydata.org/pandas-docs/stable/user_guide/indexing.html#returning-a-view-versus-a-copy
  df_temp.loc[:, 'temp_m-{}'.format(i)

[2025-01-23T10:28:42.613+0000] {warnings.py:109} WARNING - /opt/***/dags/task45_train_models.py:53: SettingWithCopyWarning: 
A value is trying to be set on a copy of a slice from a DataFrame.
Try using .loc[row_indexer,col_indexer] = value instead

See the caveats in the documentation: https://pandas.pydata.org/pandas-docs/stable/user_guide/indexing.html#returning-a-view-versus-a-copy
  df_temp.loc[:, 'temp_m-{}'.format(i)

[2025-01-23T10:28:42.619+0000] {warnings.py:109} WARNING - /opt/***/dags/task45_train_models.py:53: SettingWithCopyWarning: 
A value is trying to be set on a copy of a slice from a DataFrame.
Try using .loc[row_indexer,col_indexer] = value instead

See the caveats in the documentation: https://pandas.pydata.org/pandas-docs/stable/user_guide/indexing.html#returning-a-view-versus-a-copy
  df_temp.loc[:, 'temp_m-{}'.format(i)

[2025-01-23T10:28:42.621+0000] {warnings.py:109} WARNING - /opt/***/dags/task45_train_models.py:53: SettingWithCopyWarning: 
A value is trying to be set on a copy of a slice from a DataFrame.
Try using .loc[row_indexer,col_indexer] = value instead

See the caveats in the documentation: https://pandas.pydata.org/pandas-docs/stable/user_guide/indexing.html#returning-a-view-versus-a-copy
  df_temp.loc[:, 'temp_m-{}'.format(i)

[2025-01-23T10:28:42.623+0000] {warnings.py:109} WARNING - /opt/***/dags/task45_train_models.py:53: SettingWithCopyWarning: 
A value is trying to be set on a copy of a slice from a DataFrame.
Try using .loc[row_indexer,col_indexer] = value instead

See the caveats in the documentation: https://pandas.pydata.org/pandas-docs/stable/user_guide/indexing.html#returning-a-view-versus-a-copy
  df_temp.loc[:, 'temp_m-{}'.format(i)

[2025-01-23T10:28:42.625+0000] {warnings.py:109} WARNING - /opt/***/dags/task45_train_models.py:53: SettingWithCopyWarning: 
A value is trying to be set on a copy of a slice from a DataFrame.
Try using .loc[row_indexer,col_indexer] = value instead

See the caveats in the documentation: https://pandas.pydata.org/pandas-docs/stable/user_guide/indexing.html#returning-a-view-versus-a-copy
  df_temp.loc[:, 'temp_m-{}'.format(i)

[2025-01-23T10:28:42.636+0000] {warnings.py:109} WARNING - /opt/***/dags/task45_train_models.py:53: SettingWithCopyWarning: 
A value is trying to be set on a copy of a slice from a DataFrame.
Try using .loc[row_indexer,col_indexer] = value instead

See the caveats in the documentation: https://pandas.pydata.org/pandas-docs/stable/user_guide/indexing.html#returning-a-view-versus-a-copy
  df_temp.loc[:, 'temp_m-{}'.format(i)

[2025-01-23T10:28:42.642+0000] {warnings.py:109} WARNING - /opt/***/dags/task45_train_models.py:49: SettingWithCopyWarning: 
A value is trying to be set on a copy of a slice from a DataFrame.
Try using .loc[row_indexer,col_indexer] = value instead

See the caveats in the documentation: https://pandas.pydata.org/pandas-docs/stable/user_guide/indexing.html#returning-a-view-versus-a-copy
  df_temp.loc[:, 'target'] = df_temp['temperature'].shift(1)

[2025-01-23T10:28:42.652+0000] {warnings.py:109} WARNING - /opt/***/dags/task45_train_models.py:53: SettingWithCopyWarning: 
A value is trying to be set on a copy of a slice from a DataFrame.
Try using .loc[row_indexer,col_indexer] = value instead

See the caveats in the documentation: https://pandas.pydata.org/pandas-docs/stable/user_guide/indexing.html#returning-a-view-versus-a-copy
  df_temp.loc[:, 'temp_m-{}'.format(i)

[2025-01-23T10:28:42.654+0000] {warnings.py:109} WARNING - /opt/***/dags/task45_train_models.py:53: SettingWithCopyWarning: 
A value is trying to be set on a copy of a slice from a DataFrame.
Try using .loc[row_indexer,col_indexer] = value instead

See the caveats in the documentation: https://pandas.pydata.org/pandas-docs/stable/user_guide/indexing.html#returning-a-view-versus-a-copy
  df_temp.loc[:, 'temp_m-{}'.format(i)

[2025-01-23T10:28:42.655+0000] {warnings.py:109} WARNING - /opt/***/dags/task45_train_models.py:53: SettingWithCopyWarning: 
A value is trying to be set on a copy of a slice from a DataFrame.
Try using .loc[row_indexer,col_indexer] = value instead

See the caveats in the documentation: https://pandas.pydata.org/pandas-docs/stable/user_guide/indexing.html#returning-a-view-versus-a-copy
  df_temp.loc[:, 'temp_m-{}'.format(i)

[2025-01-23T10:28:42.657+0000] {warnings.py:109} WARNING - /opt/***/dags/task45_train_models.py:53: SettingWithCopyWarning: 
A value is trying to be set on a copy of a slice from a DataFrame.
Try using .loc[row_indexer,col_indexer] = value instead

See the caveats in the documentation: https://pandas.pydata.org/pandas-docs/stable/user_guide/indexing.html#returning-a-view-versus-a-copy
  df_temp.loc[:, 'temp_m-{}'.format(i)

[2025-01-23T10:28:42.668+0000] {warnings.py:109} WARNING - /opt/***/dags/task45_train_models.py:53: SettingWithCopyWarning: 
A value is trying to be set on a copy of a slice from a DataFrame.
Try using .loc[row_indexer,col_indexer] = value instead

See the caveats in the documentation: https://pandas.pydata.org/pandas-docs/stable/user_guide/indexing.html#returning-a-view-versus-a-copy
  df_temp.loc[:, 'temp_m-{}'.format(i)

[2025-01-23T10:28:42.670+0000] {warnings.py:109} WARNING - /opt/***/dags/task45_train_models.py:53: SettingWithCopyWarning: 
A value is trying to be set on a copy of a slice from a DataFrame.
Try using .loc[row_indexer,col_indexer] = value instead

See the caveats in the documentation: https://pandas.pydata.org/pandas-docs/stable/user_guide/indexing.html#returning-a-view-versus-a-copy
  df_temp.loc[:, 'temp_m-{}'.format(i)

[2025-01-23T10:28:42.676+0000] {warnings.py:109} WARNING - /opt/***/dags/task45_train_models.py:53: SettingWithCopyWarning: 
A value is trying to be set on a copy of a slice from a DataFrame.
Try using .loc[row_indexer,col_indexer] = value instead

See the caveats in the documentation: https://pandas.pydata.org/pandas-docs/stable/user_guide/indexing.html#returning-a-view-versus-a-copy
  df_temp.loc[:, 'temp_m-{}'.format(i)

[2025-01-23T10:28:42.677+0000] {warnings.py:109} WARNING - /opt/***/dags/task45_train_models.py:53: SettingWithCopyWarning: 
A value is trying to be set on a copy of a slice from a DataFrame.
Try using .loc[row_indexer,col_indexer] = value instead

See the caveats in the documentation: https://pandas.pydata.org/pandas-docs/stable/user_guide/indexing.html#returning-a-view-versus-a-copy
  df_temp.loc[:, 'temp_m-{}'.format(i)

[2025-01-23T10:28:42.683+0000] {warnings.py:109} WARNING - /opt/***/dags/task45_train_models.py:53: SettingWithCopyWarning: 
A value is trying to be set on a copy of a slice from a DataFrame.
Try using .loc[row_indexer,col_indexer] = value instead

See the caveats in the documentation: https://pandas.pydata.org/pandas-docs/stable/user_guide/indexing.html#returning-a-view-versus-a-copy
  df_temp.loc[:, 'temp_m-{}'.format(i)

[2025-01-23T10:28:45.715+0000] {logging_mixin.py:188} INFO - LinearRegression() saved at  /app/clean_data/best_model.pickle
[2025-01-23T10:28:45.726+0000] {python.py:201} INFO - Done. Returned value was: None
[2025-01-23T10:28:45.792+0000] {taskinstance.py:1138} INFO - Marking task as SUCCESS. dag_id=task45_train_models, task_id=task45_train_models, execution_date=20250123T102832, start_date=20250123T102841, end_date=20250123T102845
[2025-01-23T10:28:45.975+0000] {local_task_job_runner.py:234} INFO - Task exited with return code 0
[2025-01-23T10:28:46.124+0000] {taskinstance.py:3280} INFO - 0 downstream tasks scheduled from follow-on schedule check
