[2025-01-23T09:50:23.388+0000] {taskinstance.py:1956} INFO - Dependencies all met for dep_context=non-requeueable deps ti=<TaskInstance: transform_to_clean_data.task2_last20recodes scheduled__2025-01-23T09:48:00+00:00 [queued]>
[2025-01-23T09:50:23.498+0000] {taskinstance.py:1956} INFO - Dependencies all met for dep_context=requeueable deps ti=<TaskInstance: transform_to_clean_data.task2_last20recodes scheduled__2025-01-23T09:48:00+00:00 [queued]>
[2025-01-23T09:50:23.512+0000] {taskinstance.py:2170} INFO - Starting attempt 1 of 1
[2025-01-23T09:50:23.740+0000] {taskinstance.py:2191} INFO - Executing <Task(PythonOperator): task2_last20recodes> on 2025-01-23 09:48:00+00:00
[2025-01-23T09:50:23.806+0000] {standard_task_runner.py:60} INFO - Started process 999 to run task
[2025-01-23T09:50:23.869+0000] {standard_task_runner.py:87} INFO - Running: ['***', 'tasks', 'run', 'transform_to_clean_data', 'task2_last20recodes', 'scheduled__2025-01-23T09:48:00+00:00', '--job-id', '52', '--raw', '--subdir', 'DAGS_FOLDER/task23_transform_data.py', '--cfg-path', '/tmp/tmpagzl6t1x']
[2025-01-23T09:50:23.886+0000] {standard_task_runner.py:88} INFO - Job 52: Subtask task2_last20recodes
[2025-01-23T09:50:24.051+0000] {warnings.py:109} WARNING - /home/***/.local/lib/python3.8/site-packages/***/settings.py:194: DeprecationWarning: The sql_alchemy_conn option in [core] has been moved to the sql_alchemy_conn option in [database] - the old setting has been used, but please update your config.
  SQL_ALCHEMY_CONN = conf.get("database", "SQL_ALCHEMY_CONN")

[2025-01-23T09:50:24.436+0000] {task_command.py:423} INFO - Running <TaskInstance: transform_to_clean_data.task2_last20recodes scheduled__2025-01-23T09:48:00+00:00 [running]> on host a8cdec4ae828
[2025-01-23T09:50:25.326+0000] {taskinstance.py:2480} INFO - Exporting env vars: AIRFLOW_CTX_DAG_OWNER='***' AIRFLOW_CTX_DAG_ID='transform_to_clean_data' AIRFLOW_CTX_TASK_ID='task2_last20recodes' AIRFLOW_CTX_EXECUTION_DATE='2025-01-23T09:48:00+00:00' AIRFLOW_CTX_TRY_NUMBER='1' AIRFLOW_CTX_DAG_RUN_ID='scheduled__2025-01-23T09:48:00+00:00'
[2025-01-23T09:50:25.554+0000] {logging_mixin.py:188} INFO -     temperature        city  pression              date
0       278.29       Paris      1012  23-01-2025 09:44
1       278.62      London      1003  23-01-2025 09:44
2       267.81  Washington      1042  23-01-2025 09:44
3       278.24       Paris      1012  23-01-2025 09:43
4       278.62      London      1003  23-01-2025 09:43
5       267.81  Washington      1042  23-01-2025 09:43
6       278.24       Paris      1012  23-01-2025 09:42
7       278.62      London      1003  23-01-2025 09:42
8       267.81  Washington      1042  23-01-2025 09:42
9       278.24       Paris      1012  23-01-2025 09:41
[2025-01-23T09:50:25.570+0000] {python.py:201} INFO - Done. Returned value was: None
[2025-01-23T09:50:25.622+0000] {taskinstance.py:1138} INFO - Marking task as SUCCESS. dag_id=transform_to_clean_data, task_id=task2_last20recodes, execution_date=20250123T094800, start_date=20250123T095023, end_date=20250123T095025
[2025-01-23T09:50:25.745+0000] {local_task_job_runner.py:234} INFO - Task exited with return code 0
[2025-01-23T09:50:25.798+0000] {taskinstance.py:3280} INFO - 0 downstream tasks scheduled from follow-on schedule check
